  Source.cpp
c:\users\alex-work\documents\github\de01-z\dsmpm\consoleapplication2(\consoleapplication2\source.cpp(67): error C2065: Memory_manager: необъявленный идентификатор
c:\users\alex-work\documents\github\de01-z\dsmpm\consoleapplication2(\consoleapplication2\source.cpp(67): error C2146: синтаксическая ошибка: отсутствие ";" перед идентификатором "timefirst"
c:\users\alex-work\documents\github\de01-z\dsmpm\consoleapplication2(\consoleapplication2\source.cpp(67): error C2065: timefirst: необъявленный идентификатор
c:\users\alex-work\documents\github\de01-z\dsmpm\consoleapplication2(\consoleapplication2\source.cpp(69): error C2065: timefirst: необъявленный идентификатор
c:\users\alex-work\documents\github\de01-z\dsmpm\consoleapplication2(\consoleapplication2\source.cpp(69): error C2228: выражение слева от ".SizeResultantSubfragment" должно представлять класс, структуру или объединение
  c:\users\alex-work\documents\github\de01-z\dsmpm\consoleapplication2(\consoleapplication2\source.cpp(69): note: тип: unknown-type
c:\users\alex-work\documents\github\de01-z\dsmpm\consoleapplication2(\consoleapplication2\source.cpp(69): error C2227: выражение слева от "->SizeFragmentLarge_ratio" должно указывать на тип класса, структуры или объединения либо на универсальный тип
  c:\users\alex-work\documents\github\de01-z\dsmpm\consoleapplication2(\consoleapplication2\source.cpp(69): note: тип: unknown-type
c:\users\alex-work\documents\github\de01-z\dsmpm\consoleapplication2(\consoleapplication2\source.cpp(69): error C2227: выражение слева от "->Small_ratio" должно указывать на тип класса, структуры или объединения либо на универсальный тип
  c:\users\alex-work\documents\github\de01-z\dsmpm\consoleapplication2(\consoleapplication2\source.cpp(69): note: тип: unknown-type
c:\users\alex-work\documents\github\de01-z\dsmpm\consoleapplication2(\consoleapplication2\source.cpp(70): error C2065: timefirst: необъявленный идентификатор
c:\users\alex-work\documents\github\de01-z\dsmpm\consoleapplication2(\consoleapplication2\source.cpp(70): error C2227: выражение слева от "->SizeResultantSubfragment" должно указывать на тип класса, структуры или объединения либо на универсальный тип
  c:\users\alex-work\documents\github\de01-z\dsmpm\consoleapplication2(\consoleapplication2\source.cpp(70): note: тип: unknown-type
c:\users\alex-work\documents\github\de01-z\dsmpm\consoleapplication2(\consoleapplication2\source.cpp(74): error C2065: timefirst: необъявленный идентификатор
c:\users\alex-work\documents\github\de01-z\dsmpm\consoleapplication2(\consoleapplication2\source.cpp(74): error C2227: выражение слева от "->OutFragM" должно указывать на тип класса, структуры или объединения либо на универсальный тип
  c:\users\alex-work\documents\github\de01-z\dsmpm\consoleapplication2(\consoleapplication2\source.cpp(74): note: тип: unknown-type
c:\users\alex-work\documents\github\de01-z\dsmpm\consoleapplication2(\consoleapplication2\source.cpp(74): error C2227: выражение слева от "->SizeResultantSubfragment" должно указывать на тип класса, структуры или объединения либо на универсальный тип
  c:\users\alex-work\documents\github\de01-z\dsmpm\consoleapplication2(\consoleapplication2\source.cpp(74): note: тип: unknown-type
c:\users\alex-work\documents\github\de01-z\dsmpm\consoleapplication2(\consoleapplication2\source.cpp(84): error C2065: timefirst: необъявленный идентификатор
c:\users\alex-work\documents\github\de01-z\dsmpm\consoleapplication2(\consoleapplication2\source.cpp(84): error C2227: выражение слева от "->OutFragM" должно указывать на тип класса, структуры или объединения либо на универсальный тип
  c:\users\alex-work\documents\github\de01-z\dsmpm\consoleapplication2(\consoleapplication2\source.cpp(84): note: тип: unknown-type
c:\users\alex-work\documents\github\de01-z\dsmpm\consoleapplication2(\consoleapplication2\source.cpp(84): error C2227: выражение слева от "->ClearFM" должно указывать на тип класса, структуры или объединения либо на универсальный тип
  c:\users\alex-work\documents\github\de01-z\dsmpm\consoleapplication2(\consoleapplication2\source.cpp(84): note: тип: unknown-type
c:\users\alex-work\documents\github\de01-z\dsmpm\consoleapplication2(\consoleapplication2\source.cpp(84): error C2227: выражение слева от "->SendAF" должно указывать на тип класса, структуры или объединения либо на универсальный тип
  c:\users\alex-work\documents\github\de01-z\dsmpm\consoleapplication2(\consoleapplication2\source.cpp(84): note: тип: unknown-type
